build/app/intermediates/manifest_merge_blame_file/release/manifest-merger-blame-release-report.txt
1<?xml version="1.0" encoding="utf-8"?>
2<manifest xmlns:android="http://schemas.android.com/apk/res/android"
3    package="com.ahzan.xpartner"
4    android:versionCode="2"
5    android:versionName="2.1.0" >
6
7    <uses-sdk
8        android:minSdkVersion="21"
8-->src/main/AndroidManifest.xml
9        android:targetSdkVersion="33" />
9-->src/main/AndroidManifest.xml
10
11    <uses-permission android:name="android.permission.INTERNET" />
11-->src/main/AndroidManifest.xml:4:5-66
11-->src/main/AndroidManifest.xml:4:22-64
12    <uses-permission android:name="android.permission.ACCESS_WIFI_STATE" />
12-->src/main/AndroidManifest.xml:5:5-76
12-->src/main/AndroidManifest.xml:5:22-73
13    <uses-permission android:name="android.permission.ACCESS_NETWORK_STATE" />
13-->src/main/AndroidManifest.xml:6:5-79
13-->src/main/AndroidManifest.xml:6:22-76
14    <uses-permission
14-->src/main/AndroidManifest.xml:7:5-80
15        android:name="android.permission.READ_EXTERNAL_STORAGE"
15-->src/main/AndroidManifest.xml:7:22-77
16        android:maxSdkVersion="32" />
16-->[:file_picker] AndroidManifest.xml:11:9-35
17    <uses-permission android:name="android.permission.WRITE_EXTERNAL_STORAGE" />
17-->src/main/AndroidManifest.xml:8:5-81
17-->src/main/AndroidManifest.xml:8:22-78
18    <uses-permission android:name="android.permission.BLUETOOTH" />
18-->src/main/AndroidManifest.xml:9:5-68
18-->src/main/AndroidManifest.xml:9:22-65
19    <uses-permission android:name="android.permission.BLUETOOTH_ADMIN" />
19-->src/main/AndroidManifest.xml:10:5-74
19-->src/main/AndroidManifest.xml:10:22-71
20    <uses-permission android:name="android.permission.ACCESS_COARSE_LOCATION" />
20-->src/main/AndroidManifest.xml:11:5-80
20-->src/main/AndroidManifest.xml:11:22-78
21    <uses-permission android:name="android.permission.READ_MEDIA_IMAGES" />
21-->src/main/AndroidManifest.xml:12:5-75
21-->src/main/AndroidManifest.xml:12:22-73
22    <uses-permission android:name="android.permission.READ_MEDIA_VIDEO" />
22-->src/main/AndroidManifest.xml:13:5-74
22-->src/main/AndroidManifest.xml:13:22-72
23    <uses-permission android:name="android.permission.READ_MEDIA_AUDIO" />
23-->src/main/AndroidManifest.xml:14:5-74
23-->src/main/AndroidManifest.xml:14:22-72
24    <uses-permission android:name="android.permission.WAKE_LOCK" /> <!-- Permissions options for the `notification` group -->
24-->[:firebase_messaging] AndroidManifest.xml:10:5-68
24-->[:firebase_messaging] AndroidManifest.xml:10:22-65
25    <uses-permission android:name="android.permission.POST_NOTIFICATIONS" />
25-->[:firebase_messaging] AndroidManifest.xml:13:5-77
25-->[:firebase_messaging] AndroidManifest.xml:13:22-74
26
27    <uses-feature
27-->[:flutter_pos_printer_platform] AndroidManifest.xml:9:5-11:36
28        android:name="android.hardware.bluetooth"
28-->[:flutter_pos_printer_platform] AndroidManifest.xml:10:9-50
29        android:required="false" />
29-->[:flutter_pos_printer_platform] AndroidManifest.xml:11:9-33
30
31    <uses-permission android:name="android.permission.ACCESS_FINE_LOCATION" />
31-->[:flutter_pos_printer_platform] AndroidManifest.xml:13:5-79
31-->[:flutter_pos_printer_platform] AndroidManifest.xml:13:22-76
32    <!--
33         Needed only if your app looks for Bluetooth devices.
34             If your app doesn't use Bluetooth scan results to derive physical
35             location information, you can strongly assert that your app
36             doesn't derive physical location.
37    -->
38    <uses-permission android:name="android.permission.BLUETOOTH_SCAN" />
38-->[:flutter_pos_printer_platform] AndroidManifest.xml:25:5-73
38-->[:flutter_pos_printer_platform] AndroidManifest.xml:25:22-70
39    <!--
40      Needed only if your app makes the device discoverable to Bluetooth
41      devices.
42    -->
43    <uses-permission android:name="android.permission.BLUETOOTH_ADVERTISE" />
43-->[:flutter_pos_printer_platform] AndroidManifest.xml:30:5-78
43-->[:flutter_pos_printer_platform] AndroidManifest.xml:30:22-75
44    <!--
45         Needed only if your app communicates with already-paired Bluetooth
46           devices.
47    -->
48    <uses-permission android:name="android.permission.BLUETOOTH_CONNECT" />
48-->[:flutter_pos_printer_platform] AndroidManifest.xml:35:5-76
48-->[:flutter_pos_printer_platform] AndroidManifest.xml:35:22-73
49
50    <queries>
50-->[:file_picker] AndroidManifest.xml:13:5-19:15
51        <intent>
51-->[:file_picker] AndroidManifest.xml:14:9-18:18
52            <action android:name="android.intent.action.GET_CONTENT" />
52-->[:file_picker] AndroidManifest.xml:15:13-72
52-->[:file_picker] AndroidManifest.xml:15:21-69
53
54            <data android:mimeType="*/*" />
54-->[:file_picker] AndroidManifest.xml:17:13-44
54-->[:file_picker] AndroidManifest.xml:17:19-41
55        </intent>
56        <!-- Needs to be explicitly declared on Android R+ -->
57        <package android:name="com.google.android.apps.maps" />
57-->[com.google.android.gms:play-services-maps:18.2.0] AndroidManifest.xml:33:9-64
57-->[com.google.android.gms:play-services-maps:18.2.0] AndroidManifest.xml:33:18-61
58    </queries>
59
60    <uses-permission android:name="android.permission.CAMERA" />
60-->[:flutter_barcode_scanner] AndroidManifest.xml:9:5-65
60-->[:flutter_barcode_scanner] AndroidManifest.xml:9:22-62
61
62    <uses-feature android:name="android.hardware.camera" />
62-->[:flutter_barcode_scanner] AndroidManifest.xml:11:5-60
62-->[:flutter_barcode_scanner] AndroidManifest.xml:11:19-57
63
64    <uses-permission android:name="android.permission.FLASHLIGHT" />
64-->[:flutter_barcode_scanner] AndroidManifest.xml:13:5-69
64-->[:flutter_barcode_scanner] AndroidManifest.xml:13:22-66
65    <uses-permission android:name="android.permission.VIBRATE" />
65-->[:flutter_local_notifications] AndroidManifest.xml:9:5-66
65-->[:flutter_local_notifications] AndroidManifest.xml:9:22-63
66
67    <uses-feature
67-->[com.google.android.gms:play-services-maps:18.2.0] AndroidManifest.xml:26:5-28:35
68        android:glEsVersion="0x00020000"
68-->[com.google.android.gms:play-services-maps:18.2.0] AndroidManifest.xml:27:9-41
69        android:required="true" /> <!-- Required by older versions of Google Play services to create IID tokens -->
69-->[com.google.android.gms:play-services-maps:18.2.0] AndroidManifest.xml:28:9-32
70    <uses-permission android:name="com.google.android.c2dm.permission.RECEIVE" />
70-->[com.google.firebase:firebase-messaging:23.3.1] AndroidManifest.xml:26:5-82
70-->[com.google.firebase:firebase-messaging:23.3.1] AndroidManifest.xml:26:22-79
71
72    <permission
72-->[androidx.core:core:1.10.1] AndroidManifest.xml:22:5-24:47
73        android:name="com.ahzan.xpartner.DYNAMIC_RECEIVER_NOT_EXPORTED_PERMISSION"
73-->[androidx.core:core:1.10.1] AndroidManifest.xml:23:9-81
74        android:protectionLevel="signature" />
74-->[androidx.core:core:1.10.1] AndroidManifest.xml:24:9-44
75
76    <uses-permission android:name="com.ahzan.xpartner.DYNAMIC_RECEIVER_NOT_EXPORTED_PERMISSION" />
76-->[androidx.core:core:1.10.1] AndroidManifest.xml:26:5-97
76-->[androidx.core:core:1.10.1] AndroidManifest.xml:26:22-94
77
78    <application
78-->src/main/AndroidManifest.xml:16:4-58:19
79        android:appComponentFactory="androidx.core.app.CoreComponentFactory"
79-->[androidx.core:core:1.10.1] AndroidManifest.xml:28:18-86
80        android:icon="@mipmap/ic_launcher"
80-->src/main/AndroidManifest.xml:18:9-43
81        android:label="AhzanPartner"
81-->src/main/AndroidManifest.xml:17:9-37
82        android:largeHeap="true"
82-->[:flutter_barcode_scanner] AndroidManifest.xml:16:9-33
83        android:requestLegacyExternalStorage="true"
83-->src/main/AndroidManifest.xml:19:8-51
84        android:theme="@style/Theme.AppCompat.NoActionBar"
84-->[:flutter_barcode_scanner] AndroidManifest.xml:17:9-59
85        android:usesCleartextTraffic="true" >
85-->src/main/AndroidManifest.xml:20:8-43
86        <meta-data
86-->src/main/AndroidManifest.xml:22:8-24:70
87            android:name="com.google.android.geo.API_KEY"
87-->src/main/AndroidManifest.xml:23:12-57
88            android:value="AIzaSyAxcXwfXLa2rtjbp4Draj7i8kKixLruEOg" />
88-->src/main/AndroidManifest.xml:24:12-67
89
90        <activity
90-->src/main/AndroidManifest.xml:26:9-52:20
91            android:name="com.ahzan.xpartner.MainActivity"
91-->src/main/AndroidManifest.xml:27:13-41
92            android:configChanges="orientation|keyboardHidden|keyboard|screenSize|smallestScreenSize|locale|layoutDirection|fontScale|screenLayout|density|uiMode"
92-->src/main/AndroidManifest.xml:30:13-163
93            android:exported="true"
93-->src/main/AndroidManifest.xml:32:13-38
94            android:hardwareAccelerated="true"
94-->src/main/AndroidManifest.xml:31:13-47
95            android:launchMode="singleTop"
95-->src/main/AndroidManifest.xml:28:13-43
96            android:theme="@style/LaunchTheme"
96-->src/main/AndroidManifest.xml:29:13-47
97            android:windowSoftInputMode="adjustResize" >
97-->src/main/AndroidManifest.xml:33:13-55
98            <meta-data
98-->src/main/AndroidManifest.xml:35:13-38:17
99                android:name="io.flutter.embedding.android.NormalTheme"
99-->src/main/AndroidManifest.xml:36:15-70
100                android:resource="@style/NormalTheme" />
100-->src/main/AndroidManifest.xml:37:15-52
101            <meta-data
101-->src/main/AndroidManifest.xml:40:13-43:17
102                android:name="io.flutter.embedding.android.SplashScreenDrawable"
102-->src/main/AndroidManifest.xml:41:15-79
103                android:resource="@drawable/launch_background" />
103-->src/main/AndroidManifest.xml:42:15-61
104
105            <intent-filter>
105-->src/main/AndroidManifest.xml:44:13-47:29
106                <action android:name="android.intent.action.MAIN" />
106-->src/main/AndroidManifest.xml:45:17-68
106-->src/main/AndroidManifest.xml:45:25-66
107
108                <category android:name="android.intent.category.LAUNCHER" />
108-->src/main/AndroidManifest.xml:46:17-76
108-->src/main/AndroidManifest.xml:46:27-74
109            </intent-filter>
110            <intent-filter>
110-->src/main/AndroidManifest.xml:48:13-51:29
111                <action android:name="FLUTTER_NOTIFICATION_CLICK" />
111-->src/main/AndroidManifest.xml:49:17-69
111-->src/main/AndroidManifest.xml:49:25-66
112
113                <category android:name="android.intent.category.DEFAULT" />
113-->src/main/AndroidManifest.xml:50:17-76
113-->src/main/AndroidManifest.xml:50:27-73
114            </intent-filter>
115        </activity>
116
117        <meta-data
117-->src/main/AndroidManifest.xml:54:9-56:33
118            android:name="flutterEmbedding"
118-->src/main/AndroidManifest.xml:55:13-44
119            android:value="2" />
119-->src/main/AndroidManifest.xml:56:13-30
120
121        <service
121-->[:firebase_messaging] AndroidManifest.xml:16:9-19:72
122            android:name="io.flutter.plugins.firebase.messaging.FlutterFirebaseMessagingBackgroundService"
122-->[:firebase_messaging] AndroidManifest.xml:17:13-107
123            android:exported="false"
123-->[:firebase_messaging] AndroidManifest.xml:18:13-37
124            android:permission="android.permission.BIND_JOB_SERVICE" />
124-->[:firebase_messaging] AndroidManifest.xml:19:13-69
125        <service
125-->[:firebase_messaging] AndroidManifest.xml:20:9-26:19
126            android:name="io.flutter.plugins.firebase.messaging.FlutterFirebaseMessagingService"
126-->[:firebase_messaging] AndroidManifest.xml:21:13-97
127            android:exported="false" >
127-->[:firebase_messaging] AndroidManifest.xml:22:13-37
128            <intent-filter>
128-->[:firebase_messaging] AndroidManifest.xml:23:13-25:29
129                <action android:name="com.google.firebase.MESSAGING_EVENT" />
129-->[:firebase_messaging] AndroidManifest.xml:24:17-78
129-->[:firebase_messaging] AndroidManifest.xml:24:25-75
130            </intent-filter>
131        </service>
132
133        <receiver
133-->[:firebase_messaging] AndroidManifest.xml:28:9-35:20
134            android:name="io.flutter.plugins.firebase.messaging.FlutterFirebaseMessagingReceiver"
134-->[:firebase_messaging] AndroidManifest.xml:29:13-98
135            android:exported="true"
135-->[:firebase_messaging] AndroidManifest.xml:30:13-36
136            android:permission="com.google.android.c2dm.permission.SEND" >
136-->[:firebase_messaging] AndroidManifest.xml:31:13-73
137            <intent-filter>
137-->[:firebase_messaging] AndroidManifest.xml:32:13-34:29
138                <action android:name="com.google.android.c2dm.intent.RECEIVE" />
138-->[:firebase_messaging] AndroidManifest.xml:33:17-81
138-->[:firebase_messaging] AndroidManifest.xml:33:25-78
139            </intent-filter>
140        </receiver>
141
142        <service
142-->[:firebase_messaging] AndroidManifest.xml:37:9-41:19
143            android:name="com.google.firebase.components.ComponentDiscoveryService"
143-->[:firebase_messaging] AndroidManifest.xml:37:18-89
144            android:directBootAware="true"
144-->[com.google.firebase:firebase-common:20.4.2] AndroidManifest.xml:32:13-43
145            android:exported="false" >
145-->[com.google.firebase:firebase-messaging:23.3.1] AndroidManifest.xml:56:13-37
146            <meta-data
146-->[:firebase_messaging] AndroidManifest.xml:38:13-40:85
147                android:name="com.google.firebase.components:io.flutter.plugins.firebase.messaging.FlutterFirebaseAppRegistrar"
147-->[:firebase_messaging] AndroidManifest.xml:39:17-128
148                android:value="com.google.firebase.components.ComponentRegistrar" />
148-->[:firebase_messaging] AndroidManifest.xml:40:17-82
149            <meta-data
149-->[:firebase_core] AndroidManifest.xml:11:13-13:85
150                android:name="com.google.firebase.components:io.flutter.plugins.firebase.core.FlutterFirebaseCoreRegistrar"
150-->[:firebase_core] AndroidManifest.xml:12:17-124
151                android:value="com.google.firebase.components.ComponentRegistrar" />
151-->[:firebase_core] AndroidManifest.xml:13:17-82
152            <meta-data
152-->[com.google.firebase:firebase-messaging:23.3.1] AndroidManifest.xml:57:13-59:85
153                android:name="com.google.firebase.components:com.google.firebase.messaging.FirebaseMessagingKtxRegistrar"
153-->[com.google.firebase:firebase-messaging:23.3.1] AndroidManifest.xml:58:17-122
154                android:value="com.google.firebase.components.ComponentRegistrar" />
154-->[com.google.firebase:firebase-messaging:23.3.1] AndroidManifest.xml:59:17-82
155            <meta-data
155-->[com.google.firebase:firebase-messaging:23.3.1] AndroidManifest.xml:60:13-62:85
156                android:name="com.google.firebase.components:com.google.firebase.messaging.FirebaseMessagingRegistrar"
156-->[com.google.firebase:firebase-messaging:23.3.1] AndroidManifest.xml:61:17-119
157                android:value="com.google.firebase.components.ComponentRegistrar" />
157-->[com.google.firebase:firebase-messaging:23.3.1] AndroidManifest.xml:62:17-82
158            <meta-data
158-->[com.google.firebase:firebase-iid:21.1.0] AndroidManifest.xml:32:13-34:85
159                android:name="com.google.firebase.components:com.google.firebase.iid.Registrar"
159-->[com.google.firebase:firebase-iid:21.1.0] AndroidManifest.xml:33:17-96
160                android:value="com.google.firebase.components.ComponentRegistrar" />
160-->[com.google.firebase:firebase-iid:21.1.0] AndroidManifest.xml:34:17-82
161            <meta-data
161-->[com.google.firebase:firebase-installations:17.2.0] AndroidManifest.xml:15:13-17:85
162                android:name="com.google.firebase.components:com.google.firebase.installations.FirebaseInstallationsKtxRegistrar"
162-->[com.google.firebase:firebase-installations:17.2.0] AndroidManifest.xml:16:17-130
163                android:value="com.google.firebase.components.ComponentRegistrar" />
163-->[com.google.firebase:firebase-installations:17.2.0] AndroidManifest.xml:17:17-82
164            <meta-data
164-->[com.google.firebase:firebase-installations:17.2.0] AndroidManifest.xml:18:13-20:85
165                android:name="com.google.firebase.components:com.google.firebase.installations.FirebaseInstallationsRegistrar"
165-->[com.google.firebase:firebase-installations:17.2.0] AndroidManifest.xml:19:17-127
166                android:value="com.google.firebase.components.ComponentRegistrar" />
166-->[com.google.firebase:firebase-installations:17.2.0] AndroidManifest.xml:20:17-82
167            <meta-data
167-->[com.google.firebase:firebase-common-ktx:20.4.2] AndroidManifest.xml:12:13-14:85
168                android:name="com.google.firebase.components:com.google.firebase.ktx.FirebaseCommonLegacyRegistrar"
168-->[com.google.firebase:firebase-common-ktx:20.4.2] AndroidManifest.xml:13:17-116
169                android:value="com.google.firebase.components.ComponentRegistrar" />
169-->[com.google.firebase:firebase-common-ktx:20.4.2] AndroidManifest.xml:14:17-82
170            <meta-data
170-->[com.google.firebase:firebase-common:20.4.2] AndroidManifest.xml:35:13-37:85
171                android:name="com.google.firebase.components:com.google.firebase.FirebaseCommonKtxRegistrar"
171-->[com.google.firebase:firebase-common:20.4.2] AndroidManifest.xml:36:17-109
172                android:value="com.google.firebase.components.ComponentRegistrar" />
172-->[com.google.firebase:firebase-common:20.4.2] AndroidManifest.xml:37:17-82
173            <meta-data
173-->[com.google.firebase:firebase-datatransport:18.1.7] AndroidManifest.xml:27:13-29:85
174                android:name="com.google.firebase.components:com.google.firebase.datatransport.TransportRegistrar"
174-->[com.google.firebase:firebase-datatransport:18.1.7] AndroidManifest.xml:28:17-115
175                android:value="com.google.firebase.components.ComponentRegistrar" />
175-->[com.google.firebase:firebase-datatransport:18.1.7] AndroidManifest.xml:29:17-82
176        </service>
177
178        <provider
178-->[:firebase_messaging] AndroidManifest.xml:43:9-47:38
179            android:name="io.flutter.plugins.firebase.messaging.FlutterFirebaseMessagingInitProvider"
179-->[:firebase_messaging] AndroidManifest.xml:44:13-102
180            android:authorities="com.ahzan.xpartner.flutterfirebasemessaginginitprovider"
180-->[:firebase_messaging] AndroidManifest.xml:45:13-88
181            android:exported="false"
181-->[:firebase_messaging] AndroidManifest.xml:46:13-37
182            android:initOrder="99" />
182-->[:firebase_messaging] AndroidManifest.xml:47:13-35
183
184        <service
184-->[:geolocator_android] AndroidManifest.xml:10:9-14:56
185            android:name="com.baseflow.geolocator.GeolocatorLocationService"
185-->[:geolocator_android] AndroidManifest.xml:11:13-77
186            android:enabled="true"
186-->[:geolocator_android] AndroidManifest.xml:12:13-35
187            android:exported="false"
187-->[:geolocator_android] AndroidManifest.xml:13:13-37
188            android:foregroundServiceType="location" />
188-->[:geolocator_android] AndroidManifest.xml:14:13-53
189
190        <activity android:name="com.amolg.flutterbarcodescanner.BarcodeCaptureActivity" />
190-->[:flutter_barcode_scanner] AndroidManifest.xml:18:9-91
190-->[:flutter_barcode_scanner] AndroidManifest.xml:18:19-88
191
192        <provider
192-->[:image_picker_android] AndroidManifest.xml:10:9-18:20
193            android:name="io.flutter.plugins.imagepicker.ImagePickerFileProvider"
193-->[:image_picker_android] AndroidManifest.xml:11:13-82
194            android:authorities="com.ahzan.xpartner.flutter.image_provider"
194-->[:image_picker_android] AndroidManifest.xml:12:13-74
195            android:exported="false"
195-->[:image_picker_android] AndroidManifest.xml:13:13-37
196            android:grantUriPermissions="true" >
196-->[:image_picker_android] AndroidManifest.xml:14:13-47
197            <meta-data
197-->[:image_picker_android] AndroidManifest.xml:15:13-17:75
198                android:name="android.support.FILE_PROVIDER_PATHS"
198-->[:image_picker_android] AndroidManifest.xml:16:17-67
199                android:resource="@xml/flutter_image_picker_file_paths" />
199-->[:image_picker_android] AndroidManifest.xml:17:17-72
200        </provider>
201
202        <activity
202-->[:url_launcher_android] AndroidManifest.xml:10:9-13:74
203            android:name="io.flutter.plugins.urllauncher.WebViewActivity"
203-->[:url_launcher_android] AndroidManifest.xml:11:13-74
204            android:exported="false"
204-->[:url_launcher_android] AndroidManifest.xml:12:13-37
205            android:theme="@android:style/Theme.NoTitleBar.Fullscreen" /> <!-- Needs to be explicitly declared on P+ -->
205-->[:url_launcher_android] AndroidManifest.xml:13:13-71
206        <uses-library
206-->[com.google.android.gms:play-services-maps:18.2.0] AndroidManifest.xml:39:9-41:40
207            android:name="org.apache.http.legacy"
207-->[com.google.android.gms:play-services-maps:18.2.0] AndroidManifest.xml:40:13-50
208            android:required="false" />
208-->[com.google.android.gms:play-services-maps:18.2.0] AndroidManifest.xml:41:13-37
209
210        <receiver
210-->[com.google.firebase:firebase-messaging:23.3.1] AndroidManifest.xml:29:9-40:20
211            android:name="com.google.firebase.iid.FirebaseInstanceIdReceiver"
211-->[com.google.firebase:firebase-messaging:23.3.1] AndroidManifest.xml:30:13-78
212            android:exported="true"
212-->[com.google.firebase:firebase-messaging:23.3.1] AndroidManifest.xml:31:13-36
213            android:permission="com.google.android.c2dm.permission.SEND" >
213-->[com.google.firebase:firebase-messaging:23.3.1] AndroidManifest.xml:32:13-73
214            <intent-filter>
214-->[:firebase_messaging] AndroidManifest.xml:32:13-34:29
215                <action android:name="com.google.android.c2dm.intent.RECEIVE" />
215-->[:firebase_messaging] AndroidManifest.xml:33:17-81
215-->[:firebase_messaging] AndroidManifest.xml:33:25-78
216            </intent-filter>
217
218            <meta-data
218-->[com.google.firebase:firebase-messaging:23.3.1] AndroidManifest.xml:37:13-39:40
219                android:name="com.google.android.gms.cloudmessaging.FINISHED_AFTER_HANDLED"
219-->[com.google.firebase:firebase-messaging:23.3.1] AndroidManifest.xml:38:17-92
220                android:value="true" />
220-->[com.google.firebase:firebase-messaging:23.3.1] AndroidManifest.xml:39:17-37
221        </receiver>
222        <!--
223             FirebaseMessagingService performs security checks at runtime,
224             but set to not exported to explicitly avoid allowing another app to call it.
225        -->
226        <service
226-->[com.google.firebase:firebase-messaging:23.3.1] AndroidManifest.xml:46:9-53:19
227            android:name="com.google.firebase.messaging.FirebaseMessagingService"
227-->[com.google.firebase:firebase-messaging:23.3.1] AndroidManifest.xml:47:13-82
228            android:directBootAware="true"
228-->[com.google.firebase:firebase-messaging:23.3.1] AndroidManifest.xml:48:13-43
229            android:exported="false" >
229-->[com.google.firebase:firebase-messaging:23.3.1] AndroidManifest.xml:49:13-37
230            <intent-filter android:priority="-500" >
230-->[:firebase_messaging] AndroidManifest.xml:23:13-25:29
231                <action android:name="com.google.firebase.MESSAGING_EVENT" />
231-->[:firebase_messaging] AndroidManifest.xml:24:17-78
231-->[:firebase_messaging] AndroidManifest.xml:24:25-75
232            </intent-filter>
233        </service>
234
235        <activity
235-->[com.google.android.gms:play-services-base:18.1.0] AndroidManifest.xml:20:9-22:45
236            android:name="com.google.android.gms.common.api.GoogleApiActivity"
236-->[com.google.android.gms:play-services-base:18.1.0] AndroidManifest.xml:20:19-85
237            android:exported="false"
237-->[com.google.android.gms:play-services-base:18.1.0] AndroidManifest.xml:22:19-43
238            android:theme="@android:style/Theme.Translucent.NoTitleBar" />
238-->[com.google.android.gms:play-services-base:18.1.0] AndroidManifest.xml:21:19-78
239
240        <provider
240-->[com.google.firebase:firebase-common:20.4.2] AndroidManifest.xml:23:9-28:39
241            android:name="com.google.firebase.provider.FirebaseInitProvider"
241-->[com.google.firebase:firebase-common:20.4.2] AndroidManifest.xml:24:13-77
242            android:authorities="com.ahzan.xpartner.firebaseinitprovider"
242-->[com.google.firebase:firebase-common:20.4.2] AndroidManifest.xml:25:13-72
243            android:directBootAware="true"
243-->[com.google.firebase:firebase-common:20.4.2] AndroidManifest.xml:26:13-43
244            android:exported="false"
244-->[com.google.firebase:firebase-common:20.4.2] AndroidManifest.xml:27:13-37
245            android:initOrder="100" />
245-->[com.google.firebase:firebase-common:20.4.2] AndroidManifest.xml:28:13-36
246
247        <uses-library
247-->[androidx.window:window:1.0.0-beta04] AndroidManifest.xml:25:9-27:40
248            android:name="androidx.window.extensions"
248-->[androidx.window:window:1.0.0-beta04] AndroidManifest.xml:26:13-54
249            android:required="false" />
249-->[androidx.window:window:1.0.0-beta04] AndroidManifest.xml:27:13-37
250        <uses-library
250-->[androidx.window:window:1.0.0-beta04] AndroidManifest.xml:28:9-30:40
251            android:name="androidx.window.sidecar"
251-->[androidx.window:window:1.0.0-beta04] AndroidManifest.xml:29:13-51
252            android:required="false" />
252-->[androidx.window:window:1.0.0-beta04] AndroidManifest.xml:30:13-37
253
254        <meta-data
254-->[com.google.android.gms:play-services-basement:18.1.0] AndroidManifest.xml:21:9-23:69
255            android:name="com.google.android.gms.version"
255-->[com.google.android.gms:play-services-basement:18.1.0] AndroidManifest.xml:22:13-58
256            android:value="@integer/google_play_services_version" />
256-->[com.google.android.gms:play-services-basement:18.1.0] AndroidManifest.xml:23:13-66
257
258        <provider
258-->[androidx.profileinstaller:profileinstaller:1.3.0] AndroidManifest.xml:24:9-32:20
259            android:name="androidx.startup.InitializationProvider"
259-->[androidx.profileinstaller:profileinstaller:1.3.0] AndroidManifest.xml:25:13-67
260            android:authorities="com.ahzan.xpartner.androidx-startup"
260-->[androidx.profileinstaller:profileinstaller:1.3.0] AndroidManifest.xml:26:13-68
261            android:exported="false" >
261-->[androidx.profileinstaller:profileinstaller:1.3.0] AndroidManifest.xml:27:13-37
262            <meta-data
262-->[androidx.profileinstaller:profileinstaller:1.3.0] AndroidManifest.xml:29:13-31:52
263                android:name="androidx.profileinstaller.ProfileInstallerInitializer"
263-->[androidx.profileinstaller:profileinstaller:1.3.0] AndroidManifest.xml:30:17-85
264                android:value="androidx.startup" />
264-->[androidx.profileinstaller:profileinstaller:1.3.0] AndroidManifest.xml:31:17-49
265        </provider>
266
267        <receiver
267-->[androidx.profileinstaller:profileinstaller:1.3.0] AndroidManifest.xml:34:9-52:20
268            android:name="androidx.profileinstaller.ProfileInstallReceiver"
268-->[androidx.profileinstaller:profileinstaller:1.3.0] AndroidManifest.xml:35:13-76
269            android:directBootAware="false"
269-->[androidx.profileinstaller:profileinstaller:1.3.0] AndroidManifest.xml:36:13-44
270            android:enabled="true"
270-->[androidx.profileinstaller:profileinstaller:1.3.0] AndroidManifest.xml:37:13-35
271            android:exported="true"
271-->[androidx.profileinstaller:profileinstaller:1.3.0] AndroidManifest.xml:38:13-36
272            android:permission="android.permission.DUMP" >
272-->[androidx.profileinstaller:profileinstaller:1.3.0] AndroidManifest.xml:39:13-57
273            <intent-filter>
273-->[androidx.profileinstaller:profileinstaller:1.3.0] AndroidManifest.xml:40:13-42:29
274                <action android:name="androidx.profileinstaller.action.INSTALL_PROFILE" />
274-->[androidx.profileinstaller:profileinstaller:1.3.0] AndroidManifest.xml:41:17-91
274-->[androidx.profileinstaller:profileinstaller:1.3.0] AndroidManifest.xml:41:25-88
275            </intent-filter>
276            <intent-filter>
276-->[androidx.profileinstaller:profileinstaller:1.3.0] AndroidManifest.xml:43:13-45:29
277                <action android:name="androidx.profileinstaller.action.SKIP_FILE" />
277-->[androidx.profileinstaller:profileinstaller:1.3.0] AndroidManifest.xml:44:17-85
277-->[androidx.profileinstaller:profileinstaller:1.3.0] AndroidManifest.xml:44:25-82
278            </intent-filter>
279            <intent-filter>
279-->[androidx.profileinstaller:profileinstaller:1.3.0] AndroidManifest.xml:46:13-48:29
280                <action android:name="androidx.profileinstaller.action.SAVE_PROFILE" />
280-->[androidx.profileinstaller:profileinstaller:1.3.0] AndroidManifest.xml:47:17-88
280-->[androidx.profileinstaller:profileinstaller:1.3.0] AndroidManifest.xml:47:25-85
281            </intent-filter>
282            <intent-filter>
282-->[androidx.profileinstaller:profileinstaller:1.3.0] AndroidManifest.xml:49:13-51:29
283                <action android:name="androidx.profileinstaller.action.BENCHMARK_OPERATION" />
283-->[androidx.profileinstaller:profileinstaller:1.3.0] AndroidManifest.xml:50:17-95
283-->[androidx.profileinstaller:profileinstaller:1.3.0] AndroidManifest.xml:50:25-92
284            </intent-filter>
285        </receiver>
286
287        <service
287-->[com.google.android.datatransport:transport-backend-cct:3.1.8] AndroidManifest.xml:28:9-34:19
288            android:name="com.google.android.datatransport.runtime.backends.TransportBackendDiscovery"
288-->[com.google.android.datatransport:transport-backend-cct:3.1.8] AndroidManifest.xml:29:13-103
289            android:exported="false" >